<?xml version="1.0" encoding="UTF-8"?>
<!-- Generated by org.testng.reporters.JUnitReportReporter -->
<testsuite hostname="toshiba-PC" failures="0" tests="4" name="com.qa.spicejet.test.TestPassengerDetails" time="26.564" errors="0" timestamp="03 Jan 2021 04:03:54 GMT" skipped="0">
  <testcase classname="com.qa.spicejet.test.TestPassengerDetails" name="passengerDetailsPageTitleTest" time="0.192"/>
  <testcase classname="com.qa.spicejet.test.TestPassengerDetails" name="contactDetailsTest" time="9.956"/>
  <testcase classname="com.qa.spicejet.test.TestPassengerDetails" name="testPassDetails" time="7.736"/>
  <testcase classname="com.qa.spicejet.test.TestPassengerDetails" name="contactDetailsRepeatTest" time="8.680"/>
</testsuite> <!-- com.qa.spicejet.test.TestPassengerDetails -->
