<?xml version="1.0" encoding="UTF-8"?>
<!-- Generated by org.testng.reporters.JUnitReportReporter -->
<testsuite hostname="toshiba-PC" failures="0" tests="3" name="com.qa.spicejet.test.SelectingOriginPlacePageTest" time="76.003" errors="0" timestamp="03 Jan 2021 03:53:02 GMT" skipped="0">
  <testcase classname="com.qa.spicejet.test.SelectingOriginPlacePageTest" name="SelectOriginPageTitleTest" time="0.488"/>
  <testcase classname="com.qa.spicejet.test.SelectingOriginPlacePageTest" name="verifyEntriesTest" time="74.019"/>
  <testcase classname="com.qa.spicejet.test.SelectingOriginPlacePageTest" name="verifyVisibilityOfBookLinkTest" time="1.496"/>
</testsuite> <!-- com.qa.spicejet.test.SelectingOriginPlacePageTest -->
