<?xml version="1.0" encoding="UTF-8"?>
<!-- Generated by org.testng.reporters.JUnitReportReporter -->
<testsuite hostname="toshiba-PC" failures="0" tests="2" name="com.qa.spicejet.test.TestMealSectionPage" time="15.166" errors="0" timestamp="03 Jan 2021 03:53:02 GMT" skipped="0">
  <testcase classname="com.qa.spicejet.test.TestMealSectionPage" name="testMeal" time="14.187"/>
  <testcase classname="com.qa.spicejet.test.TestMealSectionPage" name="mealSectionPageTitleTest" time="0.979"/>
</testsuite> <!-- com.qa.spicejet.test.TestMealSectionPage -->
