<?xml version="1.0" encoding="UTF-8"?>
<!-- Generated by org.testng.reporters.JUnitReportReporter -->
<testsuite hostname="toshiba-PC" failures="0" tests="2" name="com.qa.spicejet.test.TestPaymentPage" time="0.622" errors="0" timestamp="03 Jan 2021 03:53:02 GMT" skipped="1">
  <testcase classname="com.qa.spicejet.test.TestPaymentPage" name="paymentPageTitleTest" time="0.622"/>
  <testcase classname="com.qa.spicejet.test.TestPaymentPage" name="testPayment">
    <skipped/>
  </testcase> <!-- testPayment -->
</testsuite> <!-- com.qa.spicejet.test.TestPaymentPage -->
