<?xml version="1.0" encoding="UTF-8"?>
<!-- Generated by org.testng.reporters.JUnitReportReporter -->
<testsuite hostname="toshiba-PC" failures="0" tests="4" name="com.qa.spicejet.test.ModifyingOriginPlacePageTest" time="0.229" errors="0" timestamp="03 Jan 2021 03:53:02 GMT" skipped="3">
  <testcase classname="com.qa.spicejet.test.ModifyingOriginPlacePageTest" name="modifyingOriginPlacePageTitleTest" time="0.229"/>
  <testcase classname="com.qa.spicejet.test.ModifyingOriginPlacePageTest" name="placeModifyingTest">
    <skipped/>
  </testcase> <!-- placeModifyingTest -->
  <testcase classname="com.qa.spicejet.test.ModifyingOriginPlacePageTest" name="dateModifyingTest">
    <skipped/>
  </testcase> <!-- dateModifyingTest -->
  <testcase classname="com.qa.spicejet.test.ModifyingOriginPlacePageTest" name="clickOnModifyingButtonTest">
    <skipped/>
  </testcase> <!-- clickOnModifyingButtonTest -->
</testsuite> <!-- com.qa.spicejet.test.ModifyingOriginPlacePageTest -->
